{"/Users/yxhpy/PycharmProjects/openuser/frontend/src/api/digitalHuman.ts": {"path":"/Users/yxhpy/PycharmProjects/openuser/frontend/src/api/digitalHuman.ts","statementMap":{"0":{"start":{"line":13,"column":34},"end":{"line":35,"column":null}},"1":{"start":{"line":16,"column":19},"end":{"line":16,"column":null}},"2":{"start":{"line":17,"column":2},"end":{"line":17,"column":null}},"3":{"start":{"line":18,"column":2},"end":{"line":20,"column":null}},"4":{"start":{"line":19,"column":4},"end":{"line":19,"column":null}},"5":{"start":{"line":21,"column":2},"end":{"line":23,"column":null}},"6":{"start":{"line":22,"column":4},"end":{"line":22,"column":null}},"7":{"start":{"line":25,"column":19},"end":{"line":33,"column":null}},"8":{"start":{"line":34,"column":2},"end":{"line":34,"column":null}},"9":{"start":{"line":40,"column":29},"end":{"line":67,"column":null}},"10":{"start":{"line":43,"column":19},"end":{"line":43,"column":null}},"11":{"start":{"line":44,"column":2},"end":{"line":44,"column":null}},"12":{"start":{"line":45,"column":2},"end":{"line":45,"column":null}},"13":{"start":{"line":47,"column":2},"end":{"line":49,"column":null}},"14":{"start":{"line":48,"column":4},"end":{"line":48,"column":null}},"15":{"start":{"line":50,"column":2},"end":{"line":52,"column":null}},"16":{"start":{"line":51,"column":4},"end":{"line":51,"column":null}},"17":{"start":{"line":53,"column":2},"end":{"line":55,"column":null}},"18":{"start":{"line":54,"column":4},"end":{"line":54,"column":null}},"19":{"start":{"line":57,"column":19},"end":{"line":65,"column":null}},"20":{"start":{"line":66,"column":2},"end":{"line":66,"column":null}},"21":{"start":{"line":72,"column":33},"end":{"line":77,"column":null}},"22":{"start":{"line":73,"column":19},"end":{"line":75,"column":null}},"23":{"start":{"line":76,"column":2},"end":{"line":76,"column":null}},"24":{"start":{"line":82,"column":31},"end":{"line":87,"column":null}},"25":{"start":{"line":83,"column":19},"end":{"line":85,"column":null}},"26":{"start":{"line":86,"column":2},"end":{"line":86,"column":null}},"27":{"start":{"line":92,"column":34},"end":{"line":94,"column":null}},"28":{"start":{"line":93,"column":2},"end":{"line":93,"column":null}}},"fnMap":{"0":{"name":"(anonymous_0)","decl":{"start":{"line":13,"column":34},"end":{"line":13,"column":null}},"loc":{"start":{"line":15,"column":28},"end":{"line":35,"column":null}},"line":15},"1":{"name":"(anonymous_1)","decl":{"start":{"line":40,"column":29},"end":{"line":40,"column":null}},"loc":{"start":{"line":42,"column":37},"end":{"line":67,"column":null}},"line":42},"2":{"name":"(anonymous_2)","decl":{"start":{"line":72,"column":33},"end":{"line":72,"column":80}},"loc":{"start":{"line":72,"column":80},"end":{"line":77,"column":null}},"line":72},"3":{"name":"(anonymous_3)","decl":{"start":{"line":82,"column":31},"end":{"line":82,"column":38}},"loc":{"start":{"line":82,"column":76},"end":{"line":87,"column":null}},"line":82},"4":{"name":"(anonymous_4)","decl":{"start":{"line":92,"column":34},"end":{"line":92,"column":41}},"loc":{"start":{"line":92,"column":71},"end":{"line":94,"column":null}},"line":92}},"branchMap":{"0":{"loc":{"start":{"line":18,"column":2},"end":{"line":20,"column":null}},"type":"if","locations":[{"start":{"line":18,"column":2},"end":{"line":20,"column":null}},{"start":{},"end":{}}],"line":18},"1":{"loc":{"start":{"line":21,"column":2},"end":{"line":23,"column":null}},"type":"if","locations":[{"start":{"line":21,"column":2},"end":{"line":23,"column":null}},{"start":{},"end":{}}],"line":21},"2":{"loc":{"start":{"line":47,"column":2},"end":{"line":49,"column":null}},"type":"if","locations":[{"start":{"line":47,"column":2},"end":{"line":49,"column":null}},{"start":{},"end":{}}],"line":47},"3":{"loc":{"start":{"line":50,"column":2},"end":{"line":52,"column":null}},"type":"if","locations":[{"start":{"line":50,"column":2},"end":{"line":52,"column":null}},{"start":{},"end":{}}],"line":50},"4":{"loc":{"start":{"line":53,"column":2},"end":{"line":55,"column":null}},"type":"if","locations":[{"start":{"line":53,"column":2},"end":{"line":55,"column":null}},{"start":{},"end":{}}],"line":53}},"s":{"0":1,"1":3,"2":3,"3":3,"4":1,"5":3,"6":1,"7":3,"8":2,"9":1,"10":4,"11":4,"12":4,"13":4,"14":3,"15":4,"16":1,"17":4,"18":1,"19":4,"20":3,"21":1,"22":3,"23":2,"24":1,"25":2,"26":1,"27":1,"28":2},"f":{"0":3,"1":4,"2":3,"3":2,"4":2},"b":{"0":[1,2],"1":[1,2],"2":[3,1],"3":[1,3],"4":[1,3]},"meta":{"lastBranch":5,"lastFunction":5,"lastStatement":29,"seen":{"s:13:34:35:Infinity":0,"f:13:34:13:Infinity":0,"s:16:19:16:Infinity":1,"s:17:2:17:Infinity":2,"b:18:2:20:Infinity:undefined:undefined:undefined:undefined":0,"s:18:2:20:Infinity":3,"s:19:4:19:Infinity":4,"b:21:2:23:Infinity:undefined:undefined:undefined:undefined":1,"s:21:2:23:Infinity":5,"s:22:4:22:Infinity":6,"s:25:19:33:Infinity":7,"s:34:2:34:Infinity":8,"s:40:29:67:Infinity":9,"f:40:29:40:Infinity":1,"s:43:19:43:Infinity":10,"s:44:2:44:Infinity":11,"s:45:2:45:Infinity":12,"b:47:2:49:Infinity:undefined:undefined:undefined:undefined":2,"s:47:2:49:Infinity":13,"s:48:4:48:Infinity":14,"b:50:2:52:Infinity:undefined:undefined:undefined:undefined":3,"s:50:2:52:Infinity":15,"s:51:4:51:Infinity":16,"b:53:2:55:Infinity:undefined:undefined:undefined:undefined":4,"s:53:2:55:Infinity":17,"s:54:4:54:Infinity":18,"s:57:19:65:Infinity":19,"s:66:2:66:Infinity":20,"s:72:33:77:Infinity":21,"f:72:33:72:80":2,"s:73:19:75:Infinity":22,"s:76:2:76:Infinity":23,"s:82:31:87:Infinity":24,"f:82:31:82:38":3,"s:83:19:85:Infinity":25,"s:86:2:86:Infinity":26,"s:92:34:94:Infinity":27,"f:92:34:92:41":4,"s:93:2:93:Infinity":28}}}
,"/Users/yxhpy/PycharmProjects/openuser/frontend/src/pages/auth/LoginPage.tsx": {"path":"/Users/yxhpy/PycharmProjects/openuser/frontend/src/pages/auth/LoginPage.tsx","statementMap":{"0":{"start":{"line":8,"column":24},"end":{"line":8,"column":null}},"1":{"start":{"line":10,"column":35},"end":{"line":74,"column":null}},"2":{"start":{"line":11,"column":8},"end":{"line":11,"column":null}},"3":{"start":{"line":12,"column":27},"end":{"line":12,"column":null}},"4":{"start":{"line":14,"column":19},"end":{"line":23,"column":null}},"5":{"start":{"line":15,"column":4},"end":{"line":22,"column":null}},"6":{"start":{"line":16,"column":6},"end":{"line":16,"column":null}},"7":{"start":{"line":17,"column":6},"end":{"line":17,"column":null}},"8":{"start":{"line":18,"column":6},"end":{"line":18,"column":null}},"9":{"start":{"line":20,"column":27},"end":{"line":20,"column":null}},"10":{"start":{"line":21,"column":6},"end":{"line":21,"column":null}},"11":{"start":{"line":25,"column":2},"end":{"line":72,"column":null}}},"fnMap":{"0":{"name":"(anonymous_0)","decl":{"start":{"line":10,"column":35},"end":{"line":10,"column":41}},"loc":{"start":{"line":10,"column":41},"end":{"line":74,"column":null}},"line":10},"1":{"name":"(anonymous_1)","decl":{"start":{"line":14,"column":19},"end":{"line":14,"column":26}},"loc":{"start":{"line":14,"column":51},"end":{"line":23,"column":null}},"line":14}},"branchMap":{"0":{"loc":{"start":{"line":20,"column":27},"end":{"line":20,"column":null}},"type":"cond-expr","locations":[{"start":{"line":20,"column":52},"end":{"line":20,"column":68}},{"start":{"line":20,"column":68},"end":{"line":20,"column":null}}],"line":20}},"s":{"0":1,"1":1,"2":14,"3":14,"4":14,"5":7,"6":7,"7":4,"8":4,"9":3,"10":3,"11":14},"f":{"0":14,"1":7},"b":{"0":[2,1]},"meta":{"lastBranch":1,"lastFunction":2,"lastStatement":12,"seen":{"s:8:24:8:Infinity":0,"s:10:35:74:Infinity":1,"f:10:35:10:41":0,"s:11:8:11:Infinity":2,"s:12:27:12:Infinity":3,"s:14:19:23:Infinity":4,"f:14:19:14:26":1,"s:15:4:22:Infinity":5,"s:16:6:16:Infinity":6,"s:17:6:17:Infinity":7,"s:18:6:18:Infinity":8,"s:20:27:20:Infinity":9,"b:20:52:20:68:20:68:20:Infinity":0,"s:21:6:21:Infinity":10,"s:25:2:72:Infinity":11}}}
,"/Users/yxhpy/PycharmProjects/openuser/frontend/src/pages/auth/RegisterPage.tsx": {"path":"/Users/yxhpy/PycharmProjects/openuser/frontend/src/pages/auth/RegisterPage.tsx","statementMap":{"0":{"start":{"line":8,"column":24},"end":{"line":8,"column":null}},"1":{"start":{"line":10,"column":38},"end":{"line":132,"column":null}},"2":{"start":{"line":11,"column":8},"end":{"line":11,"column":null}},"3":{"start":{"line":12,"column":30},"end":{"line":12,"column":null}},"4":{"start":{"line":14,"column":19},"end":{"line":23,"column":null}},"5":{"start":{"line":15,"column":4},"end":{"line":22,"column":null}},"6":{"start":{"line":16,"column":6},"end":{"line":16,"column":null}},"7":{"start":{"line":17,"column":6},"end":{"line":17,"column":null}},"8":{"start":{"line":18,"column":6},"end":{"line":18,"column":null}},"9":{"start":{"line":20,"column":27},"end":{"line":20,"column":null}},"10":{"start":{"line":21,"column":6},"end":{"line":21,"column":null}},"11":{"start":{"line":25,"column":27},"end":{"line":42,"column":null}},"12":{"start":{"line":26,"column":4},"end":{"line":28,"column":null}},"13":{"start":{"line":27,"column":6},"end":{"line":27,"column":null}},"14":{"start":{"line":29,"column":4},"end":{"line":31,"column":null}},"15":{"start":{"line":30,"column":6},"end":{"line":30,"column":null}},"16":{"start":{"line":32,"column":4},"end":{"line":34,"column":null}},"17":{"start":{"line":33,"column":6},"end":{"line":33,"column":null}},"18":{"start":{"line":35,"column":4},"end":{"line":37,"column":null}},"19":{"start":{"line":36,"column":6},"end":{"line":36,"column":null}},"20":{"start":{"line":38,"column":4},"end":{"line":40,"column":null}},"21":{"start":{"line":39,"column":6},"end":{"line":39,"column":null}},"22":{"start":{"line":41,"column":4},"end":{"line":41,"column":null}},"23":{"start":{"line":44,"column":2},"end":{"line":130,"column":null}},"24":{"start":{"line":101,"column":38},"end":{"line":108,"column":null}},"25":{"start":{"line":103,"column":18},"end":{"line":105,"column":null}},"26":{"start":{"line":104,"column":20},"end":{"line":104,"column":null}},"27":{"start":{"line":106,"column":18},"end":{"line":106,"column":null}}},"fnMap":{"0":{"name":"(anonymous_0)","decl":{"start":{"line":10,"column":38},"end":{"line":10,"column":44}},"loc":{"start":{"line":10,"column":44},"end":{"line":132,"column":null}},"line":10},"1":{"name":"(anonymous_1)","decl":{"start":{"line":14,"column":19},"end":{"line":14,"column":26}},"loc":{"start":{"line":14,"column":54},"end":{"line":23,"column":null}},"line":14},"2":{"name":"(anonymous_2)","decl":{"start":{"line":25,"column":27},"end":{"line":25,"column":28}},"loc":{"start":{"line":25,"column":58},"end":{"line":42,"column":null}},"line":25},"3":{"name":"(anonymous_3)","decl":{"start":{"line":101,"column":14},"end":{"line":101,"column":15}},"loc":{"start":{"line":101,"column":38},"end":{"line":108,"column":null}},"line":101},"4":{"name":"(anonymous_4)","decl":{"start":{"line":102,"column":16},"end":{"line":102,"column":26}},"loc":{"start":{"line":102,"column":36},"end":{"line":107,"column":null}},"line":102}},"branchMap":{"0":{"loc":{"start":{"line":20,"column":27},"end":{"line":20,"column":null}},"type":"cond-expr","locations":[{"start":{"line":20,"column":52},"end":{"line":20,"column":68}},{"start":{"line":20,"column":68},"end":{"line":20,"column":null}}],"line":20},"1":{"loc":{"start":{"line":26,"column":4},"end":{"line":28,"column":null}},"type":"if","locations":[{"start":{"line":26,"column":4},"end":{"line":28,"column":null}},{"start":{},"end":{}}],"line":26},"2":{"loc":{"start":{"line":29,"column":4},"end":{"line":31,"column":null}},"type":"if","locations":[{"start":{"line":29,"column":4},"end":{"line":31,"column":null}},{"start":{},"end":{}}],"line":29},"3":{"loc":{"start":{"line":32,"column":4},"end":{"line":34,"column":null}},"type":"if","locations":[{"start":{"line":32,"column":4},"end":{"line":34,"column":null}},{"start":{},"end":{}}],"line":32},"4":{"loc":{"start":{"line":35,"column":4},"end":{"line":37,"column":null}},"type":"if","locations":[{"start":{"line":35,"column":4},"end":{"line":37,"column":null}},{"start":{},"end":{}}],"line":35},"5":{"loc":{"start":{"line":38,"column":4},"end":{"line":40,"column":null}},"type":"if","locations":[{"start":{"line":38,"column":4},"end":{"line":40,"column":null}},{"start":{},"end":{}}],"line":38},"6":{"loc":{"start":{"line":103,"column":18},"end":{"line":105,"column":null}},"type":"if","locations":[{"start":{"line":103,"column":18},"end":{"line":105,"column":null}},{"start":{},"end":{}}],"line":103},"7":{"loc":{"start":{"line":103,"column":22},"end":{"line":103,"column":69}},"type":"binary-expr","locations":[{"start":{"line":103,"column":22},"end":{"line":103,"column":32}},{"start":{"line":103,"column":32},"end":{"line":103,"column":69}}],"line":103}},"s":{"0":1,"1":1,"2":19,"3":19,"4":19,"5":5,"6":5,"7":3,"8":3,"9":2,"10":2,"11":19,"12":114,"13":5,"14":109,"15":83,"16":26,"17":2,"18":24,"19":2,"20":22,"21":6,"22":16,"23":19,"24":65,"25":65,"26":21,"27":44},"f":{"0":19,"1":5,"2":114,"3":65,"4":65},"b":{"0":[2,0],"1":[5,109],"2":[83,26],"3":[2,24],"4":[2,22],"5":[6,16],"6":[21,44],"7":[65,54]},"meta":{"lastBranch":8,"lastFunction":5,"lastStatement":28,"seen":{"s:8:24:8:Infinity":0,"s:10:38:132:Infinity":1,"f:10:38:10:44":0,"s:11:8:11:Infinity":2,"s:12:30:12:Infinity":3,"s:14:19:23:Infinity":4,"f:14:19:14:26":1,"s:15:4:22:Infinity":5,"s:16:6:16:Infinity":6,"s:17:6:17:Infinity":7,"s:18:6:18:Infinity":8,"s:20:27:20:Infinity":9,"b:20:52:20:68:20:68:20:Infinity":0,"s:21:6:21:Infinity":10,"s:25:27:42:Infinity":11,"f:25:27:25:28":2,"b:26:4:28:Infinity:undefined:undefined:undefined:undefined":1,"s:26:4:28:Infinity":12,"s:27:6:27:Infinity":13,"b:29:4:31:Infinity:undefined:undefined:undefined:undefined":2,"s:29:4:31:Infinity":14,"s:30:6:30:Infinity":15,"b:32:4:34:Infinity:undefined:undefined:undefined:undefined":3,"s:32:4:34:Infinity":16,"s:33:6:33:Infinity":17,"b:35:4:37:Infinity:undefined:undefined:undefined:undefined":4,"s:35:4:37:Infinity":18,"s:36:6:36:Infinity":19,"b:38:4:40:Infinity:undefined:undefined:undefined:undefined":5,"s:38:4:40:Infinity":20,"s:39:6:39:Infinity":21,"s:41:4:41:Infinity":22,"s:44:2:130:Infinity":23,"f:101:14:101:15":3,"s:101:38:108:Infinity":24,"f:102:16:102:26":4,"b:103:18:105:Infinity:undefined:undefined:undefined:undefined":6,"s:103:18:105:Infinity":25,"b:103:22:103:32:103:32:103:69":7,"s:104:20:104:Infinity":26,"s:106:18:106:Infinity":27}}}
,"/Users/yxhpy/PycharmProjects/openuser/frontend/src/store/authStore.ts": {"path":"/Users/yxhpy/PycharmProjects/openuser/frontend/src/store/authStore.ts","statementMap":{"0":{"start":{"line":18,"column":13},"end":{"line":79,"column":null}},"1":{"start":{"line":18,"column":56},"end":{"line":79,"column":2}},"2":{"start":{"line":25,"column":4},"end":{"line":25,"column":null}},"3":{"start":{"line":26,"column":4},"end":{"line":36,"column":null}},"4":{"start":{"line":27,"column":23},"end":{"line":27,"column":null}},"5":{"start":{"line":28,"column":6},"end":{"line":28,"column":null}},"6":{"start":{"line":29,"column":6},"end":{"line":29,"column":null}},"7":{"start":{"line":30,"column":6},"end":{"line":30,"column":null}},"8":{"start":{"line":31,"column":6},"end":{"line":31,"column":null}},"9":{"start":{"line":33,"column":22},"end":{"line":33,"column":null}},"10":{"start":{"line":34,"column":6},"end":{"line":34,"column":null}},"11":{"start":{"line":35,"column":6},"end":{"line":35,"column":null}},"12":{"start":{"line":40,"column":4},"end":{"line":40,"column":null}},"13":{"start":{"line":41,"column":4},"end":{"line":51,"column":null}},"14":{"start":{"line":42,"column":23},"end":{"line":42,"column":null}},"15":{"start":{"line":43,"column":6},"end":{"line":43,"column":null}},"16":{"start":{"line":44,"column":6},"end":{"line":44,"column":null}},"17":{"start":{"line":45,"column":6},"end":{"line":45,"column":null}},"18":{"start":{"line":46,"column":6},"end":{"line":46,"column":null}},"19":{"start":{"line":48,"column":22},"end":{"line":48,"column":null}},"20":{"start":{"line":49,"column":6},"end":{"line":49,"column":null}},"21":{"start":{"line":50,"column":6},"end":{"line":50,"column":null}},"22":{"start":{"line":55,"column":4},"end":{"line":55,"column":null}},"23":{"start":{"line":56,"column":4},"end":{"line":56,"column":null}},"24":{"start":{"line":60,"column":18},"end":{"line":60,"column":null}},"25":{"start":{"line":61,"column":4},"end":{"line":64,"column":null}},"26":{"start":{"line":62,"column":6},"end":{"line":62,"column":null}},"27":{"start":{"line":63,"column":6},"end":{"line":63,"column":null}},"28":{"start":{"line":66,"column":4},"end":{"line":73,"column":null}},"29":{"start":{"line":67,"column":19},"end":{"line":67,"column":null}},"30":{"start":{"line":68,"column":6},"end":{"line":68,"column":null}},"31":{"start":{"line":69,"column":6},"end":{"line":69,"column":null}},"32":{"start":{"line":71,"column":6},"end":{"line":71,"column":null}},"33":{"start":{"line":72,"column":6},"end":{"line":72,"column":null}},"34":{"start":{"line":77,"column":4},"end":{"line":77,"column":null}}},"fnMap":{"0":{"name":"(anonymous_0)","decl":{"start":{"line":18,"column":46},"end":{"line":18,"column":47}},"loc":{"start":{"line":18,"column":56},"end":{"line":79,"column":2}},"line":18},"1":{"name":"(anonymous_1)","decl":{"start":{"line":24,"column":9},"end":{"line":24,"column":16}},"loc":{"start":{"line":24,"column":39},"end":{"line":37,"column":null}},"line":24},"2":{"name":"(anonymous_2)","decl":{"start":{"line":39,"column":12},"end":{"line":39,"column":19}},"loc":{"start":{"line":39,"column":45},"end":{"line":52,"column":null}},"line":39},"3":{"name":"(anonymous_3)","decl":{"start":{"line":54,"column":10},"end":{"line":54,"column":16}},"loc":{"start":{"line":54,"column":16},"end":{"line":57,"column":null}},"line":54},"4":{"name":"(anonymous_4)","decl":{"start":{"line":59,"column":13},"end":{"line":59,"column":25}},"loc":{"start":{"line":59,"column":25},"end":{"line":74,"column":null}},"line":59},"5":{"name":"(anonymous_5)","decl":{"start":{"line":76,"column":14},"end":{"line":76,"column":20}},"loc":{"start":{"line":76,"column":20},"end":{"line":78,"column":null}},"line":76}},"branchMap":{"0":{"loc":{"start":{"line":33,"column":22},"end":{"line":33,"column":null}},"type":"cond-expr","locations":[{"start":{"line":33,"column":47},"end":{"line":33,"column":63}},{"start":{"line":33,"column":63},"end":{"line":33,"column":null}}],"line":33},"1":{"loc":{"start":{"line":48,"column":22},"end":{"line":48,"column":null}},"type":"cond-expr","locations":[{"start":{"line":48,"column":47},"end":{"line":48,"column":63}},{"start":{"line":48,"column":63},"end":{"line":48,"column":null}}],"line":48},"2":{"loc":{"start":{"line":61,"column":4},"end":{"line":64,"column":null}},"type":"if","locations":[{"start":{"line":61,"column":4},"end":{"line":64,"column":null}},{"start":{},"end":{}}],"line":61}},"s":{"0":1,"1":1,"2":4,"3":4,"4":4,"5":3,"6":3,"7":3,"8":3,"9":1,"10":1,"11":1,"12":2,"13":2,"14":2,"15":1,"16":1,"17":1,"18":1,"19":1,"20":1,"21":1,"22":1,"23":1,"24":3,"25":3,"26":1,"27":1,"28":2,"29":2,"30":1,"31":1,"32":1,"33":1,"34":2},"f":{"0":1,"1":4,"2":2,"3":1,"4":3,"5":2},"b":{"0":[1,0],"1":[1,0],"2":[1,2]},"meta":{"lastBranch":3,"lastFunction":6,"lastStatement":35,"seen":{"s:18:13:79:Infinity":0,"f:18:46:18:47":0,"s:18:56:79:2":1,"f:24:9:24:16":1,"s:25:4:25:Infinity":2,"s:26:4:36:Infinity":3,"s:27:23:27:Infinity":4,"s:28:6:28:Infinity":5,"s:29:6:29:Infinity":6,"s:30:6:30:Infinity":7,"s:31:6:31:Infinity":8,"s:33:22:33:Infinity":9,"b:33:47:33:63:33:63:33:Infinity":0,"s:34:6:34:Infinity":10,"s:35:6:35:Infinity":11,"f:39:12:39:19":2,"s:40:4:40:Infinity":12,"s:41:4:51:Infinity":13,"s:42:23:42:Infinity":14,"s:43:6:43:Infinity":15,"s:44:6:44:Infinity":16,"s:45:6:45:Infinity":17,"s:46:6:46:Infinity":18,"s:48:22:48:Infinity":19,"b:48:47:48:63:48:63:48:Infinity":1,"s:49:6:49:Infinity":20,"s:50:6:50:Infinity":21,"f:54:10:54:16":3,"s:55:4:55:Infinity":22,"s:56:4:56:Infinity":23,"f:59:13:59:25":4,"s:60:18:60:Infinity":24,"b:61:4:64:Infinity:undefined:undefined:undefined:undefined":2,"s:61:4:64:Infinity":25,"s:62:6:62:Infinity":26,"s:63:6:63:Infinity":27,"s:66:4:73:Infinity":28,"s:67:19:67:Infinity":29,"s:68:6:68:Infinity":30,"s:69:6:69:Infinity":31,"s:71:6:71:Infinity":32,"s:72:6:72:Infinity":33,"f:76:14:76:20":5,"s:77:4:77:Infinity":34}}}
,"/Users/yxhpy/PycharmProjects/openuser/frontend/src/utils/constants.ts": {"path":"/Users/yxhpy/PycharmProjects/openuser/frontend/src/utils/constants.ts","statementMap":{"0":{"start":{"line":1,"column":28},"end":{"line":1,"column":null}},"1":{"start":{"line":2,"column":22},"end":{"line":2,"column":null}},"2":{"start":{"line":4,"column":25},"end":{"line":4,"column":null}},"3":{"start":{"line":5,"column":33},"end":{"line":5,"column":null}},"4":{"start":{"line":6,"column":24},"end":{"line":6,"column":null}},"5":{"start":{"line":8,"column":22},"end":{"line":19,"column":null}}},"fnMap":{},"branchMap":{"0":{"loc":{"start":{"line":1,"column":28},"end":{"line":1,"column":null}},"type":"binary-expr","locations":[{"start":{"line":1,"column":28},"end":{"line":1,"column":65}},{"start":{"line":1,"column":65},"end":{"line":1,"column":null}}],"line":1},"1":{"loc":{"start":{"line":2,"column":22},"end":{"line":2,"column":null}},"type":"binary-expr","locations":[{"start":{"line":2,"column":22},"end":{"line":2,"column":53}},{"start":{"line":2,"column":53},"end":{"line":2,"column":null}}],"line":2}},"s":{"0":2,"1":2,"2":2,"3":2,"4":2,"5":2},"f":{},"b":{"0":[2,2],"1":[2,2]},"meta":{"lastBranch":2,"lastFunction":0,"lastStatement":6,"seen":{"s:1:28:1:Infinity":0,"b:1:28:1:65:1:65:1:Infinity":0,"s:2:22:2:Infinity":1,"b:2:22:2:53:2:53:2:Infinity":1,"s:4:25:4:Infinity":2,"s:5:33:5:Infinity":3,"s:6:24:6:Infinity":4,"s:8:22:19:Infinity":5}}}
}
