TN:
SF:src/api/digitalHuman.ts
FN:13,(anonymous_0)
FN:40,(anonymous_1)
FN:72,(anonymous_2)
FN:82,(anonymous_3)
FN:92,(anonymous_4)
FNF:5
FNH:5
FNDA:3,(anonymous_0)
FNDA:4,(anonymous_1)
FNDA:3,(anonymous_2)
FNDA:2,(anonymous_3)
FNDA:2,(anonymous_4)
DA:13,1
DA:16,3
DA:17,3
DA:18,3
DA:19,1
DA:21,3
DA:22,1
DA:25,3
DA:34,2
DA:40,1
DA:43,4
DA:44,4
DA:45,4
DA:47,4
DA:48,3
DA:50,4
DA:51,1
DA:53,4
DA:54,1
DA:57,4
DA:66,3
DA:72,1
DA:73,3
DA:76,2
DA:82,1
DA:83,2
DA:86,1
DA:92,1
DA:93,2
LF:29
LH:29
BRDA:18,0,0,1
BRDA:18,0,1,2
BRDA:21,1,0,1
BRDA:21,1,1,2
BRDA:47,2,0,3
BRDA:47,2,1,1
BRDA:50,3,0,1
BRDA:50,3,1,3
BRDA:53,4,0,1
BRDA:53,4,1,3
BRF:10
BRH:10
end_of_record
TN:
SF:src/pages/auth/LoginPage.tsx
FN:10,(anonymous_0)
FN:14,(anonymous_1)
FNF:2
FNH:2
FNDA:14,(anonymous_0)
FNDA:7,(anonymous_1)
DA:8,1
DA:10,1
DA:11,14
DA:12,14
DA:14,14
DA:15,7
DA:16,7
DA:17,4
DA:18,4
DA:20,3
DA:21,3
DA:25,14
LF:12
LH:12
BRDA:20,0,0,2
BRDA:20,0,1,1
BRF:2
BRH:2
end_of_record
TN:
SF:src/pages/auth/RegisterPage.tsx
FN:10,(anonymous_0)
FN:14,(anonymous_1)
FN:25,(anonymous_2)
FN:101,(anonymous_3)
FN:102,(anonymous_4)
FNF:5
FNH:5
FNDA:19,(anonymous_0)
FNDA:5,(anonymous_1)
FNDA:114,(anonymous_2)
FNDA:65,(anonymous_3)
FNDA:65,(anonymous_4)
DA:8,1
DA:10,1
DA:11,19
DA:12,19
DA:14,19
DA:15,5
DA:16,5
DA:17,3
DA:18,3
DA:20,2
DA:21,2
DA:25,19
DA:26,114
DA:27,5
DA:29,109
DA:30,83
DA:32,26
DA:33,2
DA:35,24
DA:36,2
DA:38,22
DA:39,6
DA:41,16
DA:44,19
DA:101,65
DA:103,65
DA:104,21
DA:106,44
LF:28
LH:28
BRDA:20,0,0,2
BRDA:20,0,1,0
BRDA:26,1,0,5
BRDA:26,1,1,109
BRDA:29,2,0,83
BRDA:29,2,1,26
BRDA:32,3,0,2
BRDA:32,3,1,24
BRDA:35,4,0,2
BRDA:35,4,1,22
BRDA:38,5,0,6
BRDA:38,5,1,16
BRDA:103,6,0,21
BRDA:103,6,1,44
BRDA:103,7,0,65
BRDA:103,7,1,54
BRF:16
BRH:15
end_of_record
TN:
SF:src/store/authStore.ts
FN:18,(anonymous_0)
FN:24,(anonymous_1)
FN:39,(anonymous_2)
FN:54,(anonymous_3)
FN:59,(anonymous_4)
FN:76,(anonymous_5)
FNF:6
FNH:6
FNDA:1,(anonymous_0)
FNDA:4,(anonymous_1)
FNDA:2,(anonymous_2)
FNDA:1,(anonymous_3)
FNDA:3,(anonymous_4)
FNDA:2,(anonymous_5)
DA:18,1
DA:25,4
DA:26,4
DA:27,4
DA:28,3
DA:29,3
DA:30,3
DA:31,3
DA:33,1
DA:34,1
DA:35,1
DA:40,2
DA:41,2
DA:42,2
DA:43,1
DA:44,1
DA:45,1
DA:46,1
DA:48,1
DA:49,1
DA:50,1
DA:55,1
DA:56,1
DA:60,3
DA:61,3
DA:62,1
DA:63,1
DA:66,2
DA:67,2
DA:68,1
DA:69,1
DA:71,1
DA:72,1
DA:77,2
LF:34
LH:34
BRDA:33,0,0,1
BRDA:33,0,1,0
BRDA:48,1,0,1
BRDA:48,1,1,0
BRDA:61,2,0,1
BRDA:61,2,1,2
BRF:6
BRH:4
end_of_record
TN:
SF:src/utils/constants.ts
FNF:0
FNH:0
DA:1,2
DA:2,2
DA:4,2
DA:5,2
DA:6,2
DA:8,2
LF:6
LH:6
BRDA:1,0,0,2
BRDA:1,0,1,2
BRDA:2,1,0,2
BRDA:2,1,1,2
BRF:4
BRH:4
end_of_record
